[debug] [2025-09-15T09:41:53.094Z] ----------------------------------------------------------------------
[debug] [2025-09-15T09:41:53.096Z] Command:       C:\Firebase\firebase-tools-instant-win.exe C:\Users\Lenovo\.cache\firebase\tools\lib\node_modules\firebase-tools\lib\bin\firebase init
[debug] [2025-09-15T09:41:53.096Z] CLI Version:   14.16.0
[debug] [2025-09-15T09:41:53.096Z] Platform:      win32
[debug] [2025-09-15T09:41:53.096Z] Node Version:  v20.18.2
[debug] [2025-09-15T09:41:53.096Z] Time:          Mon Sep 15 2025 15:41:53 GMT+0600 (Bangladesh Standard Time)
[debug] [2025-09-15T09:41:53.097Z] ----------------------------------------------------------------------
[debug] 
[debug] [2025-09-15T09:41:53.101Z] > command requires scopes: ["email","openid","https://www.googleapis.com/auth/cloudplatformprojects.readonly","https://www.googleapis.com/auth/firebase","https://www.googleapis.com/auth/cloud-platform"]
[debug] [2025-09-15T09:41:53.101Z] > authorizing via signed-in user (sarwardhaka@gmail.com)
[info] 
     ######## #### ########  ######## ########     ###     ######  ########
     ##        ##  ##     ## ##       ##     ##  ##   ##  ##       ##
     ######    ##  ########  ######   ########  #########  ######  ######
     ##        ##  ##    ##  ##       ##     ## ##     ##       ## ##
     ##       #### ##     ## ######## ########  ##     ##  ######  ########

You're about to initialize a Firebase project in this directory:

  C:\Firebase\DrRubinaSultanaSite

Before we get started, keep in mind:

  * You are currently outside your home directory

